This is pdfTeX, Version 3.141592653-2.6-1.40.24 (TeX Live 2022) (preloaded format=pdflatex 2022.10.20)  6 DEC 2023 21:51
entering extended mode
 restricted \write18 enabled.
 file:line:error style messages enabled.
 %&-line parsing enabled.
**main.tex
(./main.tex
LaTeX2e <2021-11-15> patch level 1
L3 programming layer <2022-02-24>
(/usr/local/texlive/2022/texmf-dist/tex/latex/beamer/beamer.cls
Document Class: beamer 2022/02/08 v3.66 A class for typesetting presentations
(/usr/local/texlive/2022/texmf-dist/tex/latex/beamer/beamerbasemodes.sty
(/usr/local/texlive/2022/texmf-dist/tex/latex/etoolbox/etoolbox.sty
Package: etoolbox 2020/10/05 v2.5k e-TeX tools for LaTeX (JAW)
\etb@tempcnta=\count185
)
\beamer@tempbox=\box50
\beamer@tempcount=\count186
\c@beamerpauses=\count187

(/usr/local/texlive/2022/texmf-dist/tex/latex/beamer/beamerbasedecode.sty
\beamer@slideinframe=\count188
\beamer@minimum=\count189
\beamer@decode@box=\box51
)
\beamer@commentbox=\box52
\beamer@modecount=\count190
)
(/usr/local/texlive/2022/texmf-dist/tex/generic/iftex/iftex.sty
Package: iftex 2022/02/03 v1.0f TeX engine tests
)
\headdp=\dimen138
\footheight=\dimen139
\sidebarheight=\dimen140
\beamer@tempdim=\dimen141
\beamer@finalheight=\dimen142
\beamer@animht=\dimen143
\beamer@animdp=\dimen144
\beamer@animwd=\dimen145
\beamer@leftmargin=\dimen146
\beamer@rightmargin=\dimen147
\beamer@leftsidebar=\dimen148
\beamer@rightsidebar=\dimen149
\beamer@boxsize=\dimen150
\beamer@vboxoffset=\dimen151
\beamer@descdefault=\dimen152
\beamer@descriptionwidth=\dimen153
\beamer@lastskip=\skip47
\beamer@areabox=\box53
\beamer@animcurrent=\box54
\beamer@animshowbox=\box55
\beamer@sectionbox=\box56
\beamer@logobox=\box57
\beamer@linebox=\box58
\beamer@sectioncount=\count191
\beamer@subsubsectionmax=\count192
\beamer@subsectionmax=\count193
\beamer@sectionmax=\count194
\beamer@totalheads=\count195
\beamer@headcounter=\count196
\beamer@partstartpage=\count197
\beamer@sectionstartpage=\count198
\beamer@subsectionstartpage=\count199
\beamer@animationtempa=\count266
\beamer@animationtempb=\count267
\beamer@xpos=\count268
\beamer@ypos=\count269
\beamer@ypos@offset=\count270
\beamer@showpartnumber=\count271
\beamer@currentsubsection=\count272
\beamer@coveringdepth=\count273
\beamer@sectionadjust=\count274
\beamer@toclastsection=\count275
\beamer@tocsectionnumber=\count276

(/usr/local/texlive/2022/texmf-dist/tex/latex/beamer/beamerbaseoptions.sty
(/usr/local/texlive/2022/texmf-dist/tex/latex/graphics/keyval.sty
Package: keyval 2014/10/28 v1.15 key=value parser (DPC)
\KV@toks@=\toks16
))
\beamer@paperwidth=\skip48
\beamer@paperheight=\skip49

(/usr/local/texlive/2022/texmf-dist/tex/latex/geometry/geometry.sty
Package: geometry 2020/01/02 v5.9 Page Geometry

(/usr/local/texlive/2022/texmf-dist/tex/generic/iftex/ifvtex.sty
Package: ifvtex 2019/10/25 v1.7 ifvtex legacy package. Use iftex instead.
)
\Gm@cnth=\count277
\Gm@cntv=\count278
\c@Gm@tempcnt=\count279
\Gm@bindingoffset=\dimen154
\Gm@wd@mp=\dimen155
\Gm@odd@mp=\dimen156
\Gm@even@mp=\dimen157
\Gm@layoutwidth=\dimen158
\Gm@layoutheight=\dimen159
\Gm@layouthoffset=\dimen160
\Gm@layoutvoffset=\dimen161
\Gm@dimlist=\toks17
)
(/usr/local/texlive/2022/texmf-dist/tex/latex/pgf/math/pgfmath.sty
(/usr/local/texlive/2022/texmf-dist/tex/latex/pgf/utilities/pgfrcs.sty
(/usr/local/texlive/2022/texmf-dist/tex/generic/pgf/utilities/pgfutil-common.te
x
\pgfutil@everybye=\toks18
\pgfutil@tempdima=\dimen162
\pgfutil@tempdimb=\dimen163

(/usr/local/texlive/2022/texmf-dist/tex/generic/pgf/utilities/pgfutil-common-li
sts.tex))
(/usr/local/texlive/2022/texmf-dist/tex/generic/pgf/utilities/pgfutil-latex.def
\pgfutil@abb=\box59
) (/usr/local/texlive/2022/texmf-dist/tex/generic/pgf/utilities/pgfrcs.code.tex
(/usr/local/texlive/2022/texmf-dist/tex/generic/pgf/pgf.revision.tex)
Package: pgfrcs 2021/05/15 v3.1.9a (3.1.9a)
))
(/usr/local/texlive/2022/texmf-dist/tex/latex/pgf/utilities/pgfkeys.sty
(/usr/local/texlive/2022/texmf-dist/tex/generic/pgf/utilities/pgfkeys.code.tex
\pgfkeys@pathtoks=\toks19
\pgfkeys@temptoks=\toks20

(/usr/local/texlive/2022/texmf-dist/tex/generic/pgf/utilities/pgfkeysfiltered.c
ode.tex
\pgfkeys@tmptoks=\toks21
)))
(/usr/local/texlive/2022/texmf-dist/tex/generic/pgf/math/pgfmath.code.tex
(/usr/local/texlive/2022/texmf-dist/tex/generic/pgf/math/pgfmathcalc.code.tex
(/usr/local/texlive/2022/texmf-dist/tex/generic/pgf/math/pgfmathutil.code.tex
\pgf@x=\dimen164
\pgf@xa=\dimen165
\pgf@xb=\dimen166
\pgf@xc=\dimen167
\pgf@y=\dimen168
\pgf@ya=\dimen169
\pgf@yb=\dimen170
\pgf@yc=\dimen171
\c@pgf@counta=\count280
\c@pgf@countb=\count281
\c@pgf@countc=\count282
\c@pgf@countd=\count283
)
(/usr/local/texlive/2022/texmf-dist/tex/generic/pgf/math/pgfmathparser.code.tex
\pgfmath@dimen=\dimen172
\pgfmath@count=\count284
\pgfmath@box=\box60
\pgfmath@toks=\toks22
\pgfmath@stack@operand=\toks23
\pgfmath@stack@operation=\toks24
)
(/usr/local/texlive/2022/texmf-dist/tex/generic/pgf/math/pgfmathfunctions.code.
tex
(/usr/local/texlive/2022/texmf-dist/tex/generic/pgf/math/pgfmathfunctions.basic
.code.tex)
(/usr/local/texlive/2022/texmf-dist/tex/generic/pgf/math/pgfmathfunctions.trigo
nometric.code.tex)
(/usr/local/texlive/2022/texmf-dist/tex/generic/pgf/math/pgfmathfunctions.rando
m.code.tex)
(/usr/local/texlive/2022/texmf-dist/tex/generic/pgf/math/pgfmathfunctions.compa
rison.code.tex)
(/usr/local/texlive/2022/texmf-dist/tex/generic/pgf/math/pgfmathfunctions.base.
code.tex)
(/usr/local/texlive/2022/texmf-dist/tex/generic/pgf/math/pgfmathfunctions.round
.code.tex)
(/usr/local/texlive/2022/texmf-dist/tex/generic/pgf/math/pgfmathfunctions.misc.
code.tex)
(/usr/local/texlive/2022/texmf-dist/tex/generic/pgf/math/pgfmathfunctions.integ
erarithmetics.code.tex)))
(/usr/local/texlive/2022/texmf-dist/tex/generic/pgf/math/pgfmathfloat.code.tex
\c@pgfmathroundto@lastzeros=\count285
))) (/usr/local/texlive/2022/texmf-dist/tex/latex/base/size11.clo
File: size11.clo 2021/10/04 v1.4n Standard LaTeX file (size option)
)
(/usr/local/texlive/2022/texmf-dist/tex/latex/pgf/basiclayer/pgfcore.sty
(/usr/local/texlive/2022/texmf-dist/tex/latex/graphics/graphicx.sty
Package: graphicx 2021/09/16 v1.2d Enhanced LaTeX Graphics (DPC,SPQR)

(/usr/local/texlive/2022/texmf-dist/tex/latex/graphics/graphics.sty
Package: graphics 2021/03/04 v1.4d Standard LaTeX Graphics (DPC,SPQR)

(/usr/local/texlive/2022/texmf-dist/tex/latex/graphics/trig.sty
Package: trig 2021/08/11 v1.11 sin cos tan (DPC)
)
(/usr/local/texlive/2022/texmf-dist/tex/latex/graphics-cfg/graphics.cfg
File: graphics.cfg 2016/06/04 v1.11 sample graphics configuration
)
Package graphics Info: Driver file: pdftex.def on input line 107.

(/usr/local/texlive/2022/texmf-dist/tex/latex/graphics-def/pdftex.def
File: pdftex.def 2020/10/05 v1.2a Graphics/color driver for pdftex
))
\Gin@req@height=\dimen173
\Gin@req@width=\dimen174
)
(/usr/local/texlive/2022/texmf-dist/tex/latex/pgf/systemlayer/pgfsys.sty
(/usr/local/texlive/2022/texmf-dist/tex/generic/pgf/systemlayer/pgfsys.code.tex
Package: pgfsys 2021/05/15 v3.1.9a (3.1.9a)
(/usr/local/texlive/2022/texmf-dist/tex/generic/pgf/utilities/pgfkeys.code.tex)
\pgf@x=\dimen175
\pgf@y=\dimen176
\pgf@xa=\dimen177
\pgf@ya=\dimen178
\pgf@xb=\dimen179
\pgf@yb=\dimen180
\pgf@xc=\dimen181
\pgf@yc=\dimen182
\pgf@xd=\dimen183
\pgf@yd=\dimen184
\w@pgf@writea=\write3
\r@pgf@reada=\read2
\c@pgf@counta=\count286
\c@pgf@countb=\count287
\c@pgf@countc=\count288
\c@pgf@countd=\count289
\t@pgf@toka=\toks25
\t@pgf@tokb=\toks26
\t@pgf@tokc=\toks27
\pgf@sys@id@count=\count290
(/usr/local/texlive/2022/texmf-dist/tex/generic/pgf/systemlayer/pgf.cfg
File: pgf.cfg 2021/05/15 v3.1.9a (3.1.9a)
)
Driver file for pgf: pgfsys-pdftex.def

(/usr/local/texlive/2022/texmf-dist/tex/generic/pgf/systemlayer/pgfsys-pdftex.d
ef
File: pgfsys-pdftex.def 2021/05/15 v3.1.9a (3.1.9a)

(/usr/local/texlive/2022/texmf-dist/tex/generic/pgf/systemlayer/pgfsys-common-p
df.def
File: pgfsys-common-pdf.def 2021/05/15 v3.1.9a (3.1.9a)
)))
(/usr/local/texlive/2022/texmf-dist/tex/generic/pgf/systemlayer/pgfsyssoftpath.
code.tex
File: pgfsyssoftpath.code.tex 2021/05/15 v3.1.9a (3.1.9a)
\pgfsyssoftpath@smallbuffer@items=\count291
\pgfsyssoftpath@bigbuffer@items=\count292
)
(/usr/local/texlive/2022/texmf-dist/tex/generic/pgf/systemlayer/pgfsysprotocol.
code.tex
File: pgfsysprotocol.code.tex 2021/05/15 v3.1.9a (3.1.9a)
)) (/usr/local/texlive/2022/texmf-dist/tex/latex/xcolor/xcolor.sty
Package: xcolor 2021/10/31 v2.13 LaTeX color extensions (UK)

(/usr/local/texlive/2022/texmf-dist/tex/latex/graphics-cfg/color.cfg
File: color.cfg 2016/01/02 v1.6 sample color configuration
)
Package xcolor Info: Driver file: pdftex.def on input line 227.

(/usr/local/texlive/2022/texmf-dist/tex/latex/colortbl/colortbl.sty
Package: colortbl 2020/01/04 v1.0e Color table columns (DPC)

(/usr/local/texlive/2022/texmf-dist/tex/latex/tools/array.sty
Package: array 2021/10/04 v2.5f Tabular extension package (FMi)
\col@sep=\dimen185
\ar@mcellbox=\box61
\extrarowheight=\dimen186
\NC@list=\toks28
\extratabsurround=\skip50
\backup@length=\skip51
\ar@cellbox=\box62
)
\everycr=\toks29
\minrowclearance=\skip52
)
\rownum=\count293
Package xcolor Info: Model `cmy' substituted by `cmy0' on input line 1352.
Package xcolor Info: Model `hsb' substituted by `rgb' on input line 1356.
Package xcolor Info: Model `RGB' extended on input line 1368.
Package xcolor Info: Model `HTML' substituted by `rgb' on input line 1370.
Package xcolor Info: Model `Hsb' substituted by `hsb' on input line 1371.
Package xcolor Info: Model `tHsb' substituted by `hsb' on input line 1372.
Package xcolor Info: Model `HSB' substituted by `hsb' on input line 1373.
Package xcolor Info: Model `Gray' substituted by `gray' on input line 1374.
Package xcolor Info: Model `wave' substituted by `hsb' on input line 1375.

(/usr/local/texlive/2022/texmf-dist/tex/latex/graphics/dvipsnam.def
File: dvipsnam.def 2016/06/17 v3.0m Driver-dependent file (DPC,SPQR)
))
(/usr/local/texlive/2022/texmf-dist/tex/generic/pgf/basiclayer/pgfcore.code.tex
Package: pgfcore 2021/05/15 v3.1.9a (3.1.9a)
(/usr/local/texlive/2022/texmf-dist/tex/generic/pgf/math/pgfmath.code.tex)
(/usr/local/texlive/2022/texmf-dist/tex/generic/pgf/math/pgfint.code.tex)
(/usr/local/texlive/2022/texmf-dist/tex/generic/pgf/basiclayer/pgfcorepoints.co
de.tex
File: pgfcorepoints.code.tex 2021/05/15 v3.1.9a (3.1.9a)
\pgf@picminx=\dimen187
\pgf@picmaxx=\dimen188
\pgf@picminy=\dimen189
\pgf@picmaxy=\dimen190
\pgf@pathminx=\dimen191
\pgf@pathmaxx=\dimen192
\pgf@pathminy=\dimen193
\pgf@pathmaxy=\dimen194
\pgf@xx=\dimen195
\pgf@xy=\dimen196
\pgf@yx=\dimen197
\pgf@yy=\dimen198
\pgf@zx=\dimen199
\pgf@zy=\dimen256
)
(/usr/local/texlive/2022/texmf-dist/tex/generic/pgf/basiclayer/pgfcorepathconst
ruct.code.tex
File: pgfcorepathconstruct.code.tex 2021/05/15 v3.1.9a (3.1.9a)
\pgf@path@lastx=\dimen257
\pgf@path@lasty=\dimen258
)
(/usr/local/texlive/2022/texmf-dist/tex/generic/pgf/basiclayer/pgfcorepathusage
.code.tex
File: pgfcorepathusage.code.tex 2021/05/15 v3.1.9a (3.1.9a)
\pgf@shorten@end@additional=\dimen259
\pgf@shorten@start@additional=\dimen260
)
(/usr/local/texlive/2022/texmf-dist/tex/generic/pgf/basiclayer/pgfcorescopes.co
de.tex
File: pgfcorescopes.code.tex 2021/05/15 v3.1.9a (3.1.9a)
\pgfpic=\box63
\pgf@hbox=\box64
\pgf@layerbox@main=\box65
\pgf@picture@serial@count=\count294
)
(/usr/local/texlive/2022/texmf-dist/tex/generic/pgf/basiclayer/pgfcoregraphicst
ate.code.tex
File: pgfcoregraphicstate.code.tex 2021/05/15 v3.1.9a (3.1.9a)
\pgflinewidth=\dimen261
)
(/usr/local/texlive/2022/texmf-dist/tex/generic/pgf/basiclayer/pgfcoretransform
ations.code.tex
File: pgfcoretransformations.code.tex 2021/05/15 v3.1.9a (3.1.9a)
\pgf@pt@x=\dimen262
\pgf@pt@y=\dimen263
\pgf@pt@temp=\dimen264
)
(/usr/local/texlive/2022/texmf-dist/tex/generic/pgf/basiclayer/pgfcorequick.cod
e.tex
File: pgfcorequick.code.tex 2021/05/15 v3.1.9a (3.1.9a)
)
(/usr/local/texlive/2022/texmf-dist/tex/generic/pgf/basiclayer/pgfcoreobjects.c
ode.tex
File: pgfcoreobjects.code.tex 2021/05/15 v3.1.9a (3.1.9a)
)
(/usr/local/texlive/2022/texmf-dist/tex/generic/pgf/basiclayer/pgfcorepathproce
ssing.code.tex
File: pgfcorepathprocessing.code.tex 2021/05/15 v3.1.9a (3.1.9a)
)
(/usr/local/texlive/2022/texmf-dist/tex/generic/pgf/basiclayer/pgfcorearrows.co
de.tex
File: pgfcorearrows.code.tex 2021/05/15 v3.1.9a (3.1.9a)
\pgfarrowsep=\dimen265
)
(/usr/local/texlive/2022/texmf-dist/tex/generic/pgf/basiclayer/pgfcoreshade.cod
e.tex
File: pgfcoreshade.code.tex 2021/05/15 v3.1.9a (3.1.9a)
\pgf@max=\dimen266
\pgf@sys@shading@range@num=\count295
\pgf@shadingcount=\count296
)
(/usr/local/texlive/2022/texmf-dist/tex/generic/pgf/basiclayer/pgfcoreimage.cod
e.tex
File: pgfcoreimage.code.tex 2021/05/15 v3.1.9a (3.1.9a)

(/usr/local/texlive/2022/texmf-dist/tex/generic/pgf/basiclayer/pgfcoreexternal.
code.tex
File: pgfcoreexternal.code.tex 2021/05/15 v3.1.9a (3.1.9a)
\pgfexternal@startupbox=\box66
))
(/usr/local/texlive/2022/texmf-dist/tex/generic/pgf/basiclayer/pgfcorelayers.co
de.tex
File: pgfcorelayers.code.tex 2021/05/15 v3.1.9a (3.1.9a)
)
(/usr/local/texlive/2022/texmf-dist/tex/generic/pgf/basiclayer/pgfcoretranspare
ncy.code.tex
File: pgfcoretransparency.code.tex 2021/05/15 v3.1.9a (3.1.9a)
)
(/usr/local/texlive/2022/texmf-dist/tex/generic/pgf/basiclayer/pgfcorepatterns.
code.tex
File: pgfcorepatterns.code.tex 2021/05/15 v3.1.9a (3.1.9a)
)
(/usr/local/texlive/2022/texmf-dist/tex/generic/pgf/basiclayer/pgfcorerdf.code.
tex
File: pgfcorerdf.code.tex 2021/05/15 v3.1.9a (3.1.9a)
))) (/usr/local/texlive/2022/texmf-dist/tex/latex/pgf/utilities/xxcolor.sty
Package: xxcolor 2003/10/24 ver 0.1
\XC@nummixins=\count297
\XC@countmixins=\count298
) (/usr/local/texlive/2022/texmf-dist/tex/latex/base/atbegshi-ltx.sty
Package: atbegshi-ltx 2021/01/10 v1.0c Emulation of the original atbegshi
package with kernel methods
)
(/usr/local/texlive/2022/texmf-dist/tex/latex/hyperref/hyperref.sty
Package: hyperref 2022-02-21 v7.00n Hypertext links for LaTeX

(/usr/local/texlive/2022/texmf-dist/tex/generic/ltxcmds/ltxcmds.sty
Package: ltxcmds 2020-05-10 v1.25 LaTeX kernel commands for general use (HO)
)
(/usr/local/texlive/2022/texmf-dist/tex/generic/pdftexcmds/pdftexcmds.sty
Package: pdftexcmds 2020-06-27 v0.33 Utility functions of pdfTeX for LuaTeX (HO
)

(/usr/local/texlive/2022/texmf-dist/tex/generic/infwarerr/infwarerr.sty
Package: infwarerr 2019/12/03 v1.5 Providing info/warning/error messages (HO)
)
Package pdftexcmds Info: \pdf@primitive is available.
Package pdftexcmds Info: \pdf@ifprimitive is available.
Package pdftexcmds Info: \pdfdraftmode found.
)
(/usr/local/texlive/2022/texmf-dist/tex/generic/kvsetkeys/kvsetkeys.sty
Package: kvsetkeys 2019/12/15 v1.18 Key value parser (HO)
)
(/usr/local/texlive/2022/texmf-dist/tex/generic/kvdefinekeys/kvdefinekeys.sty
Package: kvdefinekeys 2019-12-19 v1.6 Define keys (HO)
)
(/usr/local/texlive/2022/texmf-dist/tex/generic/pdfescape/pdfescape.sty
Package: pdfescape 2019/12/09 v1.15 Implements pdfTeX's escape features (HO)
)
(/usr/local/texlive/2022/texmf-dist/tex/latex/hycolor/hycolor.sty
Package: hycolor 2020-01-27 v1.10 Color options for hyperref/bookmark (HO)
)
(/usr/local/texlive/2022/texmf-dist/tex/latex/letltxmacro/letltxmacro.sty
Package: letltxmacro 2019/12/03 v1.6 Let assignment for LaTeX macros (HO)
)
(/usr/local/texlive/2022/texmf-dist/tex/latex/auxhook/auxhook.sty
Package: auxhook 2019-12-17 v1.6 Hooks for auxiliary files (HO)
)
(/usr/local/texlive/2022/texmf-dist/tex/latex/kvoptions/kvoptions.sty
Package: kvoptions 2020-10-07 v3.14 Key value format for package options (HO)
)
\@linkdim=\dimen267
\Hy@linkcounter=\count299
\Hy@pagecounter=\count300

(/usr/local/texlive/2022/texmf-dist/tex/latex/hyperref/pd1enc.def
File: pd1enc.def 2022-02-21 v7.00n Hyperref: PDFDocEncoding definition (HO)
Now handling font encoding PD1 ...
... no UTF-8 mapping file for font encoding PD1
)
(/usr/local/texlive/2022/texmf-dist/tex/generic/intcalc/intcalc.sty
Package: intcalc 2019/12/15 v1.3 Expandable calculations with integers (HO)
)
(/usr/local/texlive/2022/texmf-dist/tex/generic/etexcmds/etexcmds.sty
Package: etexcmds 2019/12/15 v1.7 Avoid name clashes with e-TeX commands (HO)
)
\Hy@SavedSpaceFactor=\count301

(/usr/local/texlive/2022/texmf-dist/tex/latex/hyperref/puenc.def
File: puenc.def 2022-02-21 v7.00n Hyperref: PDF Unicode definition (HO)
Now handling font encoding PU ...
... no UTF-8 mapping file for font encoding PU
)
Package hyperref Info: Option `bookmarks' set `true' on input line 4018.
Package hyperref Info: Option `bookmarksopen' set `true' on input line 4018.
Package hyperref Info: Option `implicit' set `false' on input line 4018.
Package hyperref Info: Hyper figures OFF on input line 4137.
Package hyperref Info: Link nesting OFF on input line 4142.
Package hyperref Info: Hyper index ON on input line 4145.
Package hyperref Info: Plain pages OFF on input line 4152.
Package hyperref Info: Backreferencing OFF on input line 4157.
Package hyperref Info: Implicit mode OFF; no redefinition of LaTeX internals.
Package hyperref Info: Bookmarks ON on input line 4390.
\c@Hy@tempcnt=\count302

(/usr/local/texlive/2022/texmf-dist/tex/latex/url/url.sty
\Urlmuskip=\muskip16
Package: url 2013/09/16  ver 3.4  Verb mode for urls, etc.
)
LaTeX Info: Redefining \url on input line 4749.
\XeTeXLinkMargin=\dimen268

(/usr/local/texlive/2022/texmf-dist/tex/generic/bitset/bitset.sty
Package: bitset 2019/12/09 v1.3 Handle bit-vector datatype (HO)

(/usr/local/texlive/2022/texmf-dist/tex/generic/bigintcalc/bigintcalc.sty
Package: bigintcalc 2019/12/15 v1.5 Expandable calculations on big integers (HO
)
))
\Fld@menulength=\count303
\Field@Width=\dimen269
\Fld@charsize=\dimen270
Package hyperref Info: Hyper figures OFF on input line 6027.
Package hyperref Info: Link nesting OFF on input line 6032.
Package hyperref Info: Hyper index ON on input line 6035.
Package hyperref Info: backreferencing OFF on input line 6042.
Package hyperref Info: Link coloring OFF on input line 6047.
Package hyperref Info: Link coloring with OCG OFF on input line 6052.
Package hyperref Info: PDF/A mode OFF on input line 6057.
LaTeX Info: Redefining \ref on input line 6097.
LaTeX Info: Redefining \pageref on input line 6101.
\Hy@abspage=\count304


Package hyperref Message: Stopped early.

)
Package hyperref Info: Driver (autodetected): hpdftex.
 (/usr/local/texlive/2022/texmf-dist/tex/latex/hyperref/hpdftex.def
File: hpdftex.def 2022-02-21 v7.00n Hyperref driver for pdfTeX

(/usr/local/texlive/2022/texmf-dist/tex/latex/base/atveryend-ltx.sty
Package: atveryend-ltx 2020/08/19 v1.0a Emulation of the original atveryend pac
kage
with kernel methods
)
\Fld@listcount=\count305
\c@bookmark@seq@number=\count306

(/usr/local/texlive/2022/texmf-dist/tex/latex/rerunfilecheck/rerunfilecheck.sty
Package: rerunfilecheck 2019/12/05 v1.9 Rerun checks for auxiliary files (HO)

(/usr/local/texlive/2022/texmf-dist/tex/generic/uniquecounter/uniquecounter.sty
Package: uniquecounter 2019/12/15 v1.4 Provide unlimited unique counter (HO)
)
Package uniquecounter Info: New unique counter `rerunfilecheck' on input line 2
86.
)) (/usr/local/texlive/2022/texmf-dist/tex/latex/beamer/beamerbaserequires.sty
(/usr/local/texlive/2022/texmf-dist/tex/latex/beamer/beamerbasecompatibility.st
y) (/usr/local/texlive/2022/texmf-dist/tex/latex/beamer/beamerbasefont.sty
(/usr/local/texlive/2022/texmf-dist/tex/latex/amsfonts/amssymb.sty
Package: amssymb 2013/01/14 v3.01 AMS font symbols

(/usr/local/texlive/2022/texmf-dist/tex/latex/amsfonts/amsfonts.sty
Package: amsfonts 2013/01/14 v3.01 Basic AMSFonts support
\@emptytoks=\toks30
\symAMSa=\mathgroup4
\symAMSb=\mathgroup5
LaTeX Font Info:    Redeclaring math symbol \hbar on input line 98.
LaTeX Font Info:    Overwriting math alphabet `\mathfrak' in version `bold'
(Font)                  U/euf/m/n --> U/euf/b/n on input line 106.
))
(/usr/local/texlive/2022/texmf-dist/tex/latex/sansmathaccent/sansmathaccent.sty
Package: sansmathaccent 2020/01/31
(/usr/local/texlive/2022/texmf-dist/tex/latex/koma-script/scrlfile.sty
Package: scrlfile 2021/11/13 v3.35 KOMA-Script package (file load hooks)

(/usr/local/texlive/2022/texmf-dist/tex/latex/koma-script/scrlfile-hook.sty
Package: scrlfile-hook 2021/11/13 v3.35 KOMA-Script package (using LaTeX hooks)


(/usr/local/texlive/2022/texmf-dist/tex/latex/koma-script/scrlogo.sty
Package: scrlogo 2021/11/13 v3.35 KOMA-Script package (logo)
)))))
(/usr/local/texlive/2022/texmf-dist/tex/latex/beamer/beamerbasetranslator.sty
(/usr/local/texlive/2022/texmf-dist/tex/latex/translator/translator.sty
Package: translator 2021-05-31 v1.12d Easy translation of strings in LaTeX
))
(/usr/local/texlive/2022/texmf-dist/tex/latex/beamer/beamerbasemisc.sty)
(/usr/local/texlive/2022/texmf-dist/tex/latex/beamer/beamerbasetwoscreens.sty)
(/usr/local/texlive/2022/texmf-dist/tex/latex/beamer/beamerbaseoverlay.sty
\beamer@argscount=\count307
\beamer@lastskipcover=\skip53
\beamer@trivlistdepth=\count308
)
(/usr/local/texlive/2022/texmf-dist/tex/latex/beamer/beamerbasetitle.sty)
(/usr/local/texlive/2022/texmf-dist/tex/latex/beamer/beamerbasesection.sty
\c@lecture=\count309
\c@part=\count310
\c@section=\count311
\c@subsection=\count312
\c@subsubsection=\count313
)
(/usr/local/texlive/2022/texmf-dist/tex/latex/beamer/beamerbaseframe.sty
\beamer@framebox=\box67
\beamer@frametitlebox=\box68
\beamer@zoombox=\box69
\beamer@zoomcount=\count314
\beamer@zoomframecount=\count315
\beamer@frametextheight=\dimen271
\c@subsectionslide=\count316
\beamer@frametopskip=\skip54
\beamer@framebottomskip=\skip55
\beamer@frametopskipautobreak=\skip56
\beamer@framebottomskipautobreak=\skip57
\beamer@envbody=\toks31
\framewidth=\dimen272
\c@framenumber=\count317
)
(/usr/local/texlive/2022/texmf-dist/tex/latex/beamer/beamerbaseverbatim.sty
\beamer@verbatimfileout=\write4
)
(/usr/local/texlive/2022/texmf-dist/tex/latex/beamer/beamerbaseframesize.sty
\beamer@splitbox=\box70
\beamer@autobreakcount=\count318
\beamer@autobreaklastheight=\dimen273
\beamer@frametitletoks=\toks32
\beamer@framesubtitletoks=\toks33
)
(/usr/local/texlive/2022/texmf-dist/tex/latex/beamer/beamerbaseframecomponents.
sty
\beamer@footins=\box71
) (/usr/local/texlive/2022/texmf-dist/tex/latex/beamer/beamerbasecolor.sty)
(/usr/local/texlive/2022/texmf-dist/tex/latex/beamer/beamerbasenotes.sty
\beamer@frameboxcopy=\box72
)
(/usr/local/texlive/2022/texmf-dist/tex/latex/beamer/beamerbasetoc.sty)
(/usr/local/texlive/2022/texmf-dist/tex/latex/beamer/beamerbasetemplates.sty
\beamer@sbttoks=\toks34

(/usr/local/texlive/2022/texmf-dist/tex/latex/beamer/beamerbaseauxtemplates.sty
(/usr/local/texlive/2022/texmf-dist/tex/latex/beamer/beamerbaseboxes.sty
\bmb@box=\box73
\bmb@colorbox=\box74
\bmb@boxwidth=\dimen274
\bmb@boxheight=\dimen275
\bmb@prevheight=\dimen276
\bmb@temp=\dimen277
\bmb@dima=\dimen278
\bmb@dimb=\dimen279
\bmb@prevheight=\dimen280
)
\beamer@blockheadheight=\dimen281
))
(/usr/local/texlive/2022/texmf-dist/tex/latex/beamer/beamerbaselocalstructure.s
ty (/usr/local/texlive/2022/texmf-dist/tex/latex/tools/enumerate.sty
Package: enumerate 2015/07/23 v3.00 enumerate extensions (DPC)
\@enLab=\toks35
)
\beamer@bibiconwidth=\skip58
\c@figure=\count319
\c@table=\count320
\abovecaptionskip=\skip59
\belowcaptionskip=\skip60
)
(/usr/local/texlive/2022/texmf-dist/tex/latex/beamer/beamerbasenavigation.sty
\beamer@section@min@dim=\dimen282
)
(/usr/local/texlive/2022/texmf-dist/tex/latex/beamer/beamerbasetheorems.sty
(/usr/local/texlive/2022/texmf-dist/tex/latex/amsmath/amsmath.sty
Package: amsmath 2021/10/15 v2.17l AMS math features
\@mathmargin=\skip61

For additional information on amsmath, use the `?' option.
(/usr/local/texlive/2022/texmf-dist/tex/latex/amsmath/amstext.sty
Package: amstext 2021/08/26 v2.01 AMS text

(/usr/local/texlive/2022/texmf-dist/tex/latex/amsmath/amsgen.sty
File: amsgen.sty 1999/11/30 v2.0 generic functions
\@emptytoks=\toks36
\ex@=\dimen283
))
(/usr/local/texlive/2022/texmf-dist/tex/latex/amsmath/amsbsy.sty
Package: amsbsy 1999/11/29 v1.2d Bold Symbols
\pmbraise@=\dimen284
)
(/usr/local/texlive/2022/texmf-dist/tex/latex/amsmath/amsopn.sty
Package: amsopn 2021/08/26 v2.02 operator names
)
\inf@bad=\count321
LaTeX Info: Redefining \frac on input line 234.
\uproot@=\count322
\leftroot@=\count323
LaTeX Info: Redefining \overline on input line 399.
\classnum@=\count324
\DOTSCASE@=\count325
LaTeX Info: Redefining \ldots on input line 496.
LaTeX Info: Redefining \dots on input line 499.
LaTeX Info: Redefining \cdots on input line 620.
\Mathstrutbox@=\box75
\strutbox@=\box76
\big@size=\dimen285
LaTeX Font Info:    Redeclaring font encoding OML on input line 743.
LaTeX Font Info:    Redeclaring font encoding OMS on input line 744.
\macc@depth=\count326
\c@MaxMatrixCols=\count327
\dotsspace@=\muskip17
\c@parentequation=\count328
\dspbrk@lvl=\count329
\tag@help=\toks37
\row@=\count330
\column@=\count331
\maxfields@=\count332
\andhelp@=\toks38
\eqnshift@=\dimen286
\alignsep@=\dimen287
\tagshift@=\dimen288
\tagwidth@=\dimen289
\totwidth@=\dimen290
\lineht@=\dimen291
\@envbody=\toks39
\multlinegap=\skip62
\multlinetaggap=\skip63
\mathdisplay@stack=\toks40
LaTeX Info: Redefining \[ on input line 2938.
LaTeX Info: Redefining \] on input line 2939.
)
(/usr/local/texlive/2022/texmf-dist/tex/latex/amscls/amsthm.sty
Package: amsthm 2020/05/29 v2.20.6
\thm@style=\toks41
\thm@bodyfont=\toks42
\thm@headfont=\toks43
\thm@notefont=\toks44
\thm@headpunct=\toks45
\thm@preskip=\skip64
\thm@postskip=\skip65
\thm@headsep=\skip66
\dth@everypar=\toks46
)
\c@theorem=\count333
)
(/usr/local/texlive/2022/texmf-dist/tex/latex/beamer/beamerbasethemes.sty))
(/usr/local/texlive/2022/texmf-dist/tex/latex/beamer/beamerthemedefault.sty
(/usr/local/texlive/2022/texmf-dist/tex/latex/beamer/beamerfontthemedefault.sty
)
(/usr/local/texlive/2022/texmf-dist/tex/latex/beamer/beamercolorthemedefault.st
y)
(/usr/local/texlive/2022/texmf-dist/tex/latex/beamer/beamerinnerthemedefault.st
y
\beamer@dima=\dimen292
\beamer@dimb=\dimen293
)
(/usr/local/texlive/2022/texmf-dist/tex/latex/beamer/beamerouterthemedefault.st
y))) (./beamerthemeSimplePlusAIC.sty
(/usr/local/texlive/2022/texmf-dist/tex/latex/beamer/beamerthemeMadrid.sty
(/usr/local/texlive/2022/texmf-dist/tex/latex/beamer/beamercolorthemewhale.sty)

(/usr/local/texlive/2022/texmf-dist/tex/latex/beamer/beamercolorthemeorchid.sty
)
(/usr/local/texlive/2022/texmf-dist/tex/latex/beamer/beamerinnerthemerounded.st
y)
(/usr/local/texlive/2022/texmf-dist/tex/latex/beamer/beamerouterthemeinfolines.
sty))
(/usr/local/texlive/2022/texmf-dist/tex/latex/beamer/beamerinnerthemecircles.st
y) (./beamerfontthemeSimplePlusAIC.sty) (./beamercolorthemeSimplePlusAIC.sty
(/usr/local/texlive/2022/texmf-dist/tex/latex/beamer/beamercolorthemestructure.
sty)) (./beamerinnerthemeSimplePlusAIC.sty))
(/usr/local/texlive/2022/texmf-dist/tex/latex/cleveref/cleveref.sty
Package: cleveref 2018/03/27 v0.21.4 Intelligent cross-referencing


Package cleveref Warning: hyperref package loaded with implicit=false option - 
disabling cleveref's hyperref support. This situation is not supported by cleve
ref, and there's no guarantee anything will work. You're on your own! on input 
line 2370.

Package cleveref Info: `amsthm' support loaded on input line 3026.
) (/usr/local/texlive/2022/texmf-dist/tex/latex/caption/caption.sty
Package: caption 2022/03/01 v3.6b Customizing captions (AR)

(/usr/local/texlive/2022/texmf-dist/tex/latex/caption/caption3.sty
Package: caption3 2022/03/17 v2.3b caption3 kernel (AR)
\caption@tempdima=\dimen294
\captionmargin=\dimen295
\caption@leftmargin=\dimen296
\caption@rightmargin=\dimen297
\caption@width=\dimen298
\caption@indent=\dimen299
\caption@parindent=\dimen300
\caption@hangindent=\dimen301
Package caption Info: beamer document class detected.

(/usr/local/texlive/2022/texmf-dist/tex/latex/caption/caption-beamer.sto
File: caption-beamer.sto 2022/01/06 v2.0c Adaption of the caption package to th
e beamer document classes (AR)
))
\c@caption@flags=\count334
\c@continuedfloat=\count335
Package caption Info: hyperref package is loaded.
Package caption Info: Hyperref support is turned off
(caption)             because hyperref has stopped early.
)
(/usr/local/texlive/2022/texmf-dist/tex/latex/subfig/subfig.sty
Package: subfig 2005/06/28 ver: 1.3 subfig package
\c@KVtest=\count336
\sf@farskip=\skip67
\sf@captopadj=\dimen302
\sf@capskip=\skip68
\sf@nearskip=\skip69
\c@subfigure=\count337
\c@subfigure@save=\count338
\c@depth=\count339
\c@subtable=\count340
\c@subtable@save=\count341
\sf@top=\skip70
\sf@bottom=\skip71
)
(/usr/local/texlive/2022/texmf-dist/tex/latex/booktabs/booktabs.sty
Package: booktabs 2020/01/12 v1.61803398 Publication quality tables
\heavyrulewidth=\dimen303
\lightrulewidth=\dimen304
\cmidrulewidth=\dimen305
\belowrulesep=\dimen306
\belowbottomsep=\dimen307
\aboverulesep=\dimen308
\abovetopsep=\dimen309
\cmidrulesep=\dimen310
\cmidrulekern=\dimen311
\defaultaddspace=\dimen312
\@cmidla=\count342
\@cmidlb=\count343
\@aboverulesep=\dimen313
\@belowrulesep=\dimen314
\@thisruleclass=\count344
\@lastruleclass=\count345
\@thisrulewidth=\dimen315
)
(/usr/local/texlive/2022/texmf-dist/tex/latex/svg/svg.sty
Package: svg 2020/11/26 v2.02k (include SVG pictures)

(/usr/local/texlive/2022/texmf-dist/tex/latex/koma-script/scrbase.sty
Package: scrbase 2021/11/13 v3.35 KOMA-Script package (KOMA-Script-independent 
basics and keyval usage)
Applying: [2021/05/01] Usage of raw or classic option list on input line 252.
Already applied: [0000/00/00] Usage of raw or classic option list on input line
 368.
)
(/usr/local/texlive/2022/texmf-dist/tex/latex/trimspaces/trimspaces.sty
Package: trimspaces 2009/09/17 v1.1 Trim spaces around a token list
)
(/usr/local/texlive/2022/texmf-dist/tex/latex/tools/shellesc.sty
Package: shellesc 2019/11/08 v1.0c unified shell escape interface for LaTeX
Package shellesc Info: Restricted shell escape enabled on input line 77.
)
\c@svg@param@lastpage=\count346
\svg@box=\box77
\c@svg@param@currpage=\count347
)
(/usr/local/texlive/2022/texmf-dist/tex/latex/transparent/transparent.sty
Package: transparent 2019/11/29 v1.4 Transparency via pdfTeX's color stack (HO)

)
(/usr/local/texlive/2022/texmf-dist/tex/latex/pgf/frontendlayer/tikz.sty
(/usr/local/texlive/2022/texmf-dist/tex/latex/pgf/basiclayer/pgf.sty
Package: pgf 2021/05/15 v3.1.9a (3.1.9a)

(/usr/local/texlive/2022/texmf-dist/tex/generic/pgf/modules/pgfmoduleshapes.cod
e.tex
File: pgfmoduleshapes.code.tex 2021/05/15 v3.1.9a (3.1.9a)
\pgfnodeparttextbox=\box78
)
(/usr/local/texlive/2022/texmf-dist/tex/generic/pgf/modules/pgfmoduleplot.code.
tex
File: pgfmoduleplot.code.tex 2021/05/15 v3.1.9a (3.1.9a)
)
(/usr/local/texlive/2022/texmf-dist/tex/latex/pgf/compatibility/pgfcomp-version
-0-65.sty
Package: pgfcomp-version-0-65 2021/05/15 v3.1.9a (3.1.9a)
\pgf@nodesepstart=\dimen316
\pgf@nodesepend=\dimen317
)
(/usr/local/texlive/2022/texmf-dist/tex/latex/pgf/compatibility/pgfcomp-version
-1-18.sty
Package: pgfcomp-version-1-18 2021/05/15 v3.1.9a (3.1.9a)
))
(/usr/local/texlive/2022/texmf-dist/tex/latex/pgf/utilities/pgffor.sty
(/usr/local/texlive/2022/texmf-dist/tex/generic/pgf/utilities/pgffor.code.tex
Package: pgffor 2021/05/15 v3.1.9a (3.1.9a)

(/usr/local/texlive/2022/texmf-dist/tex/generic/pgf/math/pgfmath.code.tex)
\pgffor@iter=\dimen318
\pgffor@skip=\dimen319
\pgffor@stack=\toks47
\pgffor@toks=\toks48
))
(/usr/local/texlive/2022/texmf-dist/tex/generic/pgf/frontendlayer/tikz/tikz.cod
e.tex
Package: tikz 2021/05/15 v3.1.9a (3.1.9a)

(/usr/local/texlive/2022/texmf-dist/tex/generic/pgf/libraries/pgflibraryplothan
dlers.code.tex
File: pgflibraryplothandlers.code.tex 2021/05/15 v3.1.9a (3.1.9a)
\pgf@plot@mark@count=\count348
\pgfplotmarksize=\dimen320
)
\tikz@lastx=\dimen321
\tikz@lasty=\dimen322
\tikz@lastxsaved=\dimen323
\tikz@lastysaved=\dimen324
\tikz@lastmovetox=\dimen325
\tikz@lastmovetoy=\dimen326
\tikzleveldistance=\dimen327
\tikzsiblingdistance=\dimen328
\tikz@figbox=\box79
\tikz@figbox@bg=\box80
\tikz@tempbox=\box81
\tikz@tempbox@bg=\box82
\tikztreelevel=\count349
\tikznumberofchildren=\count350
\tikznumberofcurrentchild=\count351
\tikz@fig@count=\count352

(/usr/local/texlive/2022/texmf-dist/tex/generic/pgf/modules/pgfmodulematrix.cod
e.tex
File: pgfmodulematrix.code.tex 2021/05/15 v3.1.9a (3.1.9a)
\pgfmatrixcurrentrow=\count353
\pgfmatrixcurrentcolumn=\count354
\pgf@matrix@numberofcolumns=\count355
)
\tikz@expandcount=\count356

(/usr/local/texlive/2022/texmf-dist/tex/generic/pgf/frontendlayer/tikz/librarie
s/tikzlibrarytopaths.code.tex
File: tikzlibrarytopaths.code.tex 2021/05/15 v3.1.9a (3.1.9a)
)))
(/usr/local/texlive/2022/texmf-dist/tex/latex/makecell/makecell.sty
Package: makecell 2009/08/03 V0.1e Managing of Tab Column Heads and Cells
\rotheadsize=\dimen329
\c@nlinenum=\count357
\TeXr@lab=\toks49
)
(/usr/local/texlive/2022/texmf-dist/tex/latex/multirow/multirow.sty
Package: multirow 2021/03/15 v2.8 Span multiple rows of a table
\multirow@colwidth=\skip72
\multirow@cntb=\count358
\multirow@dima=\skip73
\bigstrutjot=\dimen330
)
(/usr/local/texlive/2022/texmf-dist/tex/latex/wrapfig/wrapfig.sty
\wrapoverhang=\dimen331
\WF@size=\dimen332
\c@WF@wrappedlines=\count359
\WF@box=\box83
\WF@everypar=\toks50
Package: wrapfig 2003/01/31  v 3.6
)
(/usr/local/texlive/2022/texmf-dist/tex/latex/tools/hhline.sty
Package: hhline 2020/01/04 v2.04 Table rule package (DPC)
)
(/usr/local/texlive/2022/texmf-dist/tex/latex/relsize/relsize.sty
Package: relsize 2013/03/29 ver 4.1
)
\sympureletters=\mathgroup6
LaTeX Font Info:    Overwriting symbol font `pureletters' in version `bold'
(Font)                  OT1/mathkerncmss/m/sl --> OT1/mathkerncmss/bx/sl on inp
ut line 35.

(/usr/local/texlive/2022/texmf-dist/tex/latex/tools/bm.sty
Package: bm 2021/04/25 v1.2e Bold Symbol Support (DPC/FMi)
\symboldoperators=\mathgroup7
\symboldletters=\mathgroup8
\symboldsymbols=\mathgroup9
Package bm Info: No bold for \OMX/cmex/m/n, using \pmb.
Package bm Info: No bold for \U/msa/m/n, using \pmb.
Package bm Info: No bold for \U/msb/m/n, using \pmb.
\symboldpureletters=\mathgroup10
LaTeX Font Info:    Redeclaring math alphabet \mathbf on input line 149.
)
(/usr/local/texlive/2022/texmf-dist/tex/latex/beamer/beamerfontthemeserif.sty)
(/usr/local/texlive/2022/texmf-dist/tex/latex/algorithm2e/algorithm2e.sty
Package: algorithm2e 2017/07/18 v5.2 algorithms environments
\c@AlgoLine=\count360

(/usr/local/texlive/2022/texmf-dist/tex/latex/base/ifthen.sty
Package: ifthen 2020/11/24 v1.1c Standard LaTeX ifthen package (DPC)
)
\algocf@hangindent=\skip74

(/usr/local/texlive/2022/texmf-dist/tex/latex/ifoddpage/ifoddpage.sty
Package: ifoddpage 2016/04/23 v1.1 Conditionals for odd/even page detection
\c@checkoddpage=\count361
)
(/usr/local/texlive/2022/texmf-dist/tex/latex/tools/xspace.sty
Package: xspace 2014/10/28 v1.13 Space after command names (DPC,MH)
)
\skiptotal=\skip75
\skiplinenumber=\skip76
\skiprule=\skip77
\skiphlne=\skip78
\skiptext=\skip79
\skiplength=\skip80
\algomargin=\skip81
\skipalgocfslide=\skip82
\algowidth=\dimen333
\inoutsize=\dimen334
\inoutindent=\dimen335
\interspacetitleruled=\dimen336
\interspacealgoruled=\dimen337
\interspacetitleboxruled=\dimen338
\algocf@ruledwidth=\skip83
\algocf@inoutbox=\box84
\algocf@inputbox=\box85
\AlCapSkip=\skip84
\AlCapHSkip=\skip85
\algoskipindent=\skip86
\algocf@nlbox=\box86
\algocf@hangingbox=\box87
\algocf@untilbox=\box88
\algocf@skipuntil=\skip87
\algocf@capbox=\box89
\algocf@lcaptionbox=\skip88
\algoheightruledefault=\skip89
\algoheightrule=\skip90
\algotitleheightruledefault=\skip91
\algotitleheightrule=\skip92
\c@algocfline=\count362
\c@algocfproc=\count363
\c@algocf=\count364
\algocf@algoframe=\box90
\algocf@algobox=\box91
)

Package hyperref Warning: Token not allowed in a PDF string (Unicode):
(hyperref)                removing `\footnote' on input line 85.


Package hyperref Warning: Token not allowed in a PDF string (Unicode):
(hyperref)                removing `\begingroup' on input line 85.


Package hyperref Warning: Token not allowed in a PDF string (Unicode):
(hyperref)                removing `\catcode' on input line 85.


Package hyperref Warning: Token not allowed in a PDF string (Unicode):
(hyperref)                removing `\active' on input line 85.


Package hyperref Warning: Token not allowed in a PDF string (Unicode):
(hyperref)                removing `\<def>-command' on input line 85.


Package hyperref Warning: Token not allowed in a PDF string (Unicode):
(hyperref)                removing `\csname\endcsname' on input line 85.


Package hyperref Warning: Token not allowed in a PDF string (Unicode):
(hyperref)                removing `\catcode' on input line 85.


Package hyperref Warning: Token not allowed in a PDF string (Unicode):
(hyperref)                removing `\active' on input line 85.


Package hyperref Warning: Token not allowed in a PDF string (Unicode):
(hyperref)                removing `\<let>-command' on input line 85.


Package hyperref Warning: Token not allowed in a PDF string (Unicode):
(hyperref)                removing `\csname\endcsname' on input line 85.


Package hyperref Warning: Token not allowed in a PDF string (Unicode):
(hyperref)                removing `\<let>-command' on input line 85.


Package hyperref Warning: Token not allowed in a PDF string (Unicode):
(hyperref)                removing `\%' on input line 85.


Package hyperref Warning: Token not allowed in a PDF string (Unicode):
(hyperref)                removing `\catcode' on input line 85.


Package hyperref Warning: Token not allowed in a PDF string (Unicode):
(hyperref)                removing `\active' on input line 85.


Package hyperref Warning: Token not allowed in a PDF string (Unicode):
(hyperref)                removing `\<def>-command' on input line 85.


Package hyperref Warning: Token not allowed in a PDF string (Unicode):
(hyperref)                removing `\csname\endcsname' on input line 85.


Package hyperref Warning: Token not allowed in a PDF string (Unicode):
(hyperref)                removing `\<def>-command' on input line 85.


Package hyperref Warning: Token not allowed in a PDF string (Unicode):
(hyperref)                removing `\#' on input line 85.


Package hyperref Warning: Token not allowed in a PDF string (Unicode):
(hyperref)                removing `\catcode' on input line 85.


Package hyperref Warning: Token not allowed in a PDF string (Unicode):
(hyperref)                removing `\<def>-command' on input line 85.


Package hyperref Warning: Token not allowed in a PDF string (Unicode):
(hyperref)                removing `\csname\endcsname' on input line 85.


Package hyperref Warning: Token not allowed in a PDF string (Unicode):
(hyperref)                removing `\<def>-command' on input line 85.


Package hyperref Warning: Token not allowed in a PDF string (Unicode):
(hyperref)                removing `\&' on input line 85.


Package hyperref Warning: Token not allowed in a PDF string (Unicode):
(hyperref)                removing `\<def>-command' on input line 85.


Package hyperref Warning: Token not allowed in a PDF string (Unicode):
(hyperref)                removing `\textunderscore' on input line 85.


Package hyperref Warning: Token not allowed in a PDF string (Unicode):
(hyperref)                removing `\<let>-command' on input line 85.


Package hyperref Warning: Token not allowed in a PDF string (Unicode):
(hyperref)                removing `\_' on input line 85.


Package hyperref Warning: Token not allowed in a PDF string (Unicode):
(hyperref)                removing `\catcode' on input line 85.


Package hyperref Warning: Token not allowed in a PDF string (Unicode):
(hyperref)                removing `\active' on input line 85.


Package hyperref Warning: Token not allowed in a PDF string (Unicode):
(hyperref)                removing `\<let>-command' on input line 85.


Package hyperref Warning: Token not allowed in a PDF string (Unicode):
(hyperref)                removing `\csname\endcsname' on input line 85.


Package hyperref Warning: Token not allowed in a PDF string (Unicode):
(hyperref)                removing `\<let>-command' on input line 85.


Package hyperref Warning: Token not allowed in a PDF string (Unicode):
(hyperref)                removing `\csname\endcsname' on input line 85.


Package hyperref Warning: Token not allowed in a PDF string (Unicode):
(hyperref)                removing `\<let>-command' on input line 85.


Package hyperref Warning: Token not allowed in a PDF string (Unicode):
(hyperref)                removing `\~' on input line 85.


Package hyperref Warning: Token not allowed in a PDF string (Unicode):
(hyperref)                removing `\<let>-command' on input line 85.


Package hyperref Warning: Token not allowed in a PDF string (Unicode):
(hyperref)                removing `\textasciitilde' on input line 85.


Package hyperref Warning: Token not allowed in a PDF string (Unicode):
(hyperref)                removing `\<let>-command' on input line 85.


Package hyperref Warning: Token not allowed in a PDF string (Unicode):
(hyperref)                removing `\\' on input line 85.


Package hyperref Warning: Token not allowed in a PDF string (Unicode):
(hyperref)                removing `\<def>-command' on input line 85.


Package hyperref Warning: Token not allowed in a PDF string (Unicode):
(hyperref)                removing `\csname\endcsname' on input line 85.


Package hyperref Warning: Token not allowed in a PDF string (Unicode):
(hyperref)                removing `\<def>-command' on input line 85.


Package hyperref Warning: Token not allowed in a PDF string (Unicode):
(hyperref)                removing `\Hy@tempa' on input line 85.


Package hyperref Warning: Token not allowed in a PDF string (Unicode):
(hyperref)                removing `\<def>-command' on input line 85.


Package hyperref Warning: Token not allowed in a PDF string (Unicode):
(hyperref)                removing `\Hy@tempa' on input line 85.

(/usr/local/texlive/2022/texmf-dist/tex/latex/l3backend/l3backend-pdftex.def
File: l3backend-pdftex.def 2022-02-07 L3 backend support: PDF output (pdfTeX)
\l__color_backend_stack_int=\count365
\l__pdf_internal_box=\box92
)
(./main.aux

LaTeX Warning: Label `eq:EPEIntro' multiply defined.


LaTeX Warning: Label `eq:EPEIntro@cref' multiply defined.

)
\openout1 = `main.aux'.

LaTeX Font Info:    Checking defaults for OML/cmm/m/it on input line 85.
LaTeX Font Info:    ... okay on input line 85.
LaTeX Font Info:    Checking defaults for OMS/cmsy/m/n on input line 85.
LaTeX Font Info:    ... okay on input line 85.
LaTeX Font Info:    Checking defaults for OT1/cmr/m/n on input line 85.
LaTeX Font Info:    ... okay on input line 85.
LaTeX Font Info:    Checking defaults for T1/cmr/m/n on input line 85.
LaTeX Font Info:    ... okay on input line 85.
LaTeX Font Info:    Checking defaults for TS1/cmr/m/n on input line 85.
LaTeX Font Info:    ... okay on input line 85.
LaTeX Font Info:    Checking defaults for OMX/cmex/m/n on input line 85.
LaTeX Font Info:    ... okay on input line 85.
LaTeX Font Info:    Checking defaults for U/cmr/m/n on input line 85.
LaTeX Font Info:    ... okay on input line 85.
LaTeX Font Info:    Checking defaults for PD1/pdf/m/n on input line 85.
LaTeX Font Info:    ... okay on input line 85.
LaTeX Font Info:    Checking defaults for PU/pdf/m/n on input line 85.
LaTeX Font Info:    ... okay on input line 85.

*geometry* driver: auto-detecting
*geometry* detected driver: pdftex
*geometry* verbose mode - [ preamble ] result:
* driver: pdftex
* paper: custom
* layout: <same size as paper>
* layoutoffset:(h,v)=(0.0pt,0.0pt)
* modes: includehead includefoot 
* h-part:(L,W,R)=(21.90005pt, 411.44397pt, 21.90005pt)
* v-part:(T,H,B)=(0.0pt, 256.0748pt, 0.0pt)
* \paperwidth=455.24408pt
* \paperheight=256.0748pt
* \textwidth=411.44397pt
* \textheight=227.62207pt
* \oddsidemargin=-50.36993pt
* \evensidemargin=-50.36993pt
* \topmargin=-72.26999pt
* \headheight=14.22636pt
* \headsep=0.0pt
* \topskip=11.0pt
* \footskip=14.22636pt
* \marginparwidth=4.0pt
* \marginparsep=10.0pt
* \columnsep=10.0pt
* \skip\footins=10.0pt plus 4.0pt minus 2.0pt
* \hoffset=0.0pt
* \voffset=0.0pt
* \mag=1000
* \@twocolumnfalse
* \@twosidefalse
* \@mparswitchfalse
* \@reversemarginfalse
* (1in=72.27pt=25.4mm, 1cm=28.453pt)

(/usr/local/texlive/2022/texmf-dist/tex/context/base/mkii/supp-pdf.mkii
[Loading MPS to PDF converter (version 2006.09.02).]
\scratchcounter=\count366
\scratchdimen=\dimen339
\scratchbox=\box93
\nofMPsegments=\count367
\nofMParguments=\count368
\everyMPshowfont=\toks51
\MPscratchCnt=\count369
\MPscratchDim=\dimen340
\MPnumerator=\count370
\makeMPintoPDFobject=\count371
\everyMPtoPDFconversion=\toks52
) (/usr/local/texlive/2022/texmf-dist/tex/latex/epstopdf-pkg/epstopdf-base.sty
Package: epstopdf-base 2020-01-24 v2.11 Base part for package epstopdf
Package epstopdf-base Info: Redefining graphics rule for `.eps' on input line 4
85.

(/usr/local/texlive/2022/texmf-dist/tex/latex/latexconfig/epstopdf-sys.cfg
File: epstopdf-sys.cfg 2010/07/13 v1.3 Configuration of (r)epstopdf for TeX Liv
e
))
Package hyperref Info: Link coloring OFF on input line 85.

(/usr/local/texlive/2022/texmf-dist/tex/latex/hyperref/nameref.sty
Package: nameref 2021-04-02 v2.47 Cross-referencing by name of section

(/usr/local/texlive/2022/texmf-dist/tex/latex/refcount/refcount.sty
Package: refcount 2019/12/15 v3.6 Data extraction from label references (HO)
)
(/usr/local/texlive/2022/texmf-dist/tex/generic/gettitlestring/gettitlestring.s
ty
Package: gettitlestring 2019/12/15 v1.6 Cleanup title references (HO)
)
\c@section@level=\count372
)
LaTeX Info: Redefining \ref on input line 85.
LaTeX Info: Redefining \pageref on input line 85.
LaTeX Info: Redefining \nameref on input line 85.
 (./main.out) (./main.out)
\@outlinefile=\write5
\openout5 = `main.out'.


(/usr/local/texlive/2022/texmf-dist/tex/latex/translator/translator-basic-dicti
onary-English.dict
Dictionary: translator-basic-dictionary, Language: English 
)
(/usr/local/texlive/2022/texmf-dist/tex/latex/translator/translator-bibliograph
y-dictionary-English.dict
Dictionary: translator-bibliography-dictionary, Language: English 
)
(/usr/local/texlive/2022/texmf-dist/tex/latex/translator/translator-environment
-dictionary-English.dict
Dictionary: translator-environment-dictionary, Language: English 
)
(/usr/local/texlive/2022/texmf-dist/tex/latex/translator/translator-months-dict
ionary-English.dict
Dictionary: translator-months-dictionary, Language: English 
)
(/usr/local/texlive/2022/texmf-dist/tex/latex/translator/translator-numbers-dic
tionary-English.dict
Dictionary: translator-numbers-dictionary, Language: English 
)
(/usr/local/texlive/2022/texmf-dist/tex/latex/translator/translator-theorem-dic
tionary-English.dict
Dictionary: translator-theorem-dictionary, Language: English 
)
Package caption Info: Begin \AtBeginDocument code.
Package caption Info: subfig package v1.3 is loaded.
Package caption Info: wrapfig package is loaded.
Package caption Info: End \AtBeginDocument code.
 (./main.nav)
LaTeX Font Info:    Trying to load font information for U+msa on input line 87.


(/usr/local/texlive/2022/texmf-dist/tex/latex/amsfonts/umsa.fd
File: umsa.fd 2013/01/14 v3.01 AMS symbols A
)
LaTeX Font Info:    Trying to load font information for U+msb on input line 87.


(/usr/local/texlive/2022/texmf-dist/tex/latex/amsfonts/umsb.fd
File: umsb.fd 2013/01/14 v3.01 AMS symbols B
)
LaTeX Font Info:    Trying to load font information for OT1+mathkerncmss on inp
ut line 87.

(/usr/local/texlive/2022/texmf-dist/tex/latex/sansmathaccent/ot1mathkerncmss.fd
File: ot1mathkerncmss.fd 2020/01/31 Fontinst v1.933 font definitions for OT1/ma
thkerncmss.
)
<logos/Simula logo.png, id=31, 1003.75pt x 277.035pt>
File: logos/Simula logo.png Graphic file (type png)
<use logos/Simula logo.png>
Package pdftex.def Info: logos/Simula logo.png  used on input line 87.
(pdftex.def)             Requested size: 85.35826pt x 23.55823pt.

Overfull \vbox (1.32301pt too high) detected at line 87
 []

[1

{/usr/local/texlive/2022/texmf-var/fonts/map/pdftex/updmap/pdftex.map} <./logos
/Simula logo.png>] (./main.toc)

LaTeX Font Warning: Font shape `OT1/cmss/m/sc' in size <10.95> not available
(Font)              Font shape `OT1/cmr/m/sc' tried instead on input line 98.

<logos/proxi-galerkin-frame.png, id=53, 1329.96875pt x 496.85625pt>
File: logos/proxi-galerkin-frame.png Graphic file (type png)
<use logos/proxi-galerkin-frame.png>
Package pdftex.def Info: logos/proxi-galerkin-frame.png  used on input line 98.

(pdftex.def)             Requested size: 99.58464pt x 37.20195pt.
[2

 <./logos/proxi-galerkin-frame.png> </usr/local/texlive/2022/texmf-dist/tex/lat
ex/beamer/beamericonarticle.pdf>]
File: logos/proxi-galerkin-frame.png Graphic file (type png)
<use logos/proxi-galerkin-frame.png>
Package pdftex.def Info: logos/proxi-galerkin-frame.png  used on input line 124
.
(pdftex.def)             Requested size: 99.58464pt x 37.20195pt.
 [3

]
File: logos/proxi-galerkin-frame.png Graphic file (type png)
<use logos/proxi-galerkin-frame.png>
Package pdftex.def Info: logos/proxi-galerkin-frame.png  used on input line 139
.
(pdftex.def)             Requested size: 99.58464pt x 37.20195pt.
 [4

]
File: logos/proxi-galerkin-frame.png Graphic file (type png)
<use logos/proxi-galerkin-frame.png>
Package pdftex.def Info: logos/proxi-galerkin-frame.png  used on input line 139
.
(pdftex.def)             Requested size: 99.58464pt x 37.20195pt.
 [5

]
File: logos/proxi-galerkin-frame.png Graphic file (type png)
<use logos/proxi-galerkin-frame.png>
Package pdftex.def Info: logos/proxi-galerkin-frame.png  used on input line 160
.
(pdftex.def)             Requested size: 99.58464pt x 37.20195pt.
 [6

]
File: logos/proxi-galerkin-frame.png Graphic file (type png)
<use logos/proxi-galerkin-frame.png>
Package pdftex.def Info: logos/proxi-galerkin-frame.png  used on input line 160
.
(pdftex.def)             Requested size: 99.58464pt x 37.20195pt.
 [7

]
File: logos/proxi-galerkin-frame.png Graphic file (type png)
<use logos/proxi-galerkin-frame.png>
Package pdftex.def Info: logos/proxi-galerkin-frame.png  used on input line 160
.
(pdftex.def)             Requested size: 99.58464pt x 37.20195pt.
 [8

]

LaTeX Font Warning: Font shape `OT1/cmss/bx/it' undefined
(Font)              using `OT1/cmss/bx/n' instead on input line 174.

File: logos/proxi-galerkin-frame.png Graphic file (type png)
<use logos/proxi-galerkin-frame.png>
Package pdftex.def Info: logos/proxi-galerkin-frame.png  used on input line 174
.
(pdftex.def)             Requested size: 99.58464pt x 37.20195pt.
[9

]
File: logos/proxi-galerkin-frame.png Graphic file (type png)
<use logos/proxi-galerkin-frame.png>
Package pdftex.def Info: logos/proxi-galerkin-frame.png  used on input line 174
.
(pdftex.def)             Requested size: 99.58464pt x 37.20195pt.
 [10

]
File: logos/proxi-galerkin-frame.png Graphic file (type png)
<use logos/proxi-galerkin-frame.png>
Package pdftex.def Info: logos/proxi-galerkin-frame.png  used on input line 174
.
(pdftex.def)             Requested size: 99.58464pt x 37.20195pt.
 [11

]
File: logos/proxi-galerkin-frame.png Graphic file (type png)
<use logos/proxi-galerkin-frame.png>
Package pdftex.def Info: logos/proxi-galerkin-frame.png  used on input line 174
.
(pdftex.def)             Requested size: 99.58464pt x 37.20195pt.
 [12

]
File: logos/proxi-galerkin-frame.png Graphic file (type png)
<use logos/proxi-galerkin-frame.png>
Package pdftex.def Info: logos/proxi-galerkin-frame.png  used on input line 174
.
(pdftex.def)             Requested size: 99.58464pt x 37.20195pt.
 [13

]
File: logos/proxi-galerkin-frame.png Graphic file (type png)
<use logos/proxi-galerkin-frame.png>
Package pdftex.def Info: logos/proxi-galerkin-frame.png  used on input line 187
.
(pdftex.def)             Requested size: 99.58464pt x 37.20195pt.
 [14

]
File: logos/proxi-galerkin-frame.png Graphic file (type png)
<use logos/proxi-galerkin-frame.png>
Package pdftex.def Info: logos/proxi-galerkin-frame.png  used on input line 187
.
(pdftex.def)             Requested size: 99.58464pt x 37.20195pt.
 [15

]
File: logos/proxi-galerkin-frame.png Graphic file (type png)
<use logos/proxi-galerkin-frame.png>
Package pdftex.def Info: logos/proxi-galerkin-frame.png  used on input line 187
.
(pdftex.def)             Requested size: 99.58464pt x 37.20195pt.
 [16

]
File: logos/proxi-galerkin-frame.png Graphic file (type png)
<use logos/proxi-galerkin-frame.png>
Package pdftex.def Info: logos/proxi-galerkin-frame.png  used on input line 222
.
(pdftex.def)             Requested size: 99.58464pt x 37.20195pt.
 [17

]
pdfTeX warning (ext4): destination with the same identifier (name{eq:EPEIntro})
 has been already used, duplicate ignored
<to be read again> 
                   \relax 
l.255 \end{frame}
                 
File: logos/proxi-galerkin-frame.png Graphic file (type png)
<use logos/proxi-galerkin-frame.png>
Package pdftex.def Info: logos/proxi-galerkin-frame.png  used on input line 255
.
(pdftex.def)             Requested size: 99.58464pt x 37.20195pt.
 [18

]
File: logos/proxi-galerkin-frame.png Graphic file (type png)
<use logos/proxi-galerkin-frame.png>
Package pdftex.def Info: logos/proxi-galerkin-frame.png  used on input line 255
.
(pdftex.def)             Requested size: 99.58464pt x 37.20195pt.
 [19

]
File: logos/proxi-galerkin-frame.png Graphic file (type png)
<use logos/proxi-galerkin-frame.png>
Package pdftex.def Info: logos/proxi-galerkin-frame.png  used on input line 255
.
(pdftex.def)             Requested size: 99.58464pt x 37.20195pt.
 [20

]
File: logos/proxi-galerkin-frame.png Graphic file (type png)
<use logos/proxi-galerkin-frame.png>
Package pdftex.def Info: logos/proxi-galerkin-frame.png  used on input line 303
.
(pdftex.def)             Requested size: 99.58464pt x 37.20195pt.
 [21

]
File: logos/proxi-galerkin-frame.png Graphic file (type png)
<use logos/proxi-galerkin-frame.png>
Package pdftex.def Info: logos/proxi-galerkin-frame.png  used on input line 303
.
(pdftex.def)             Requested size: 99.58464pt x 37.20195pt.
 [22

]
File: logos/proxi-galerkin-frame.png Graphic file (type png)
<use logos/proxi-galerkin-frame.png>
Package pdftex.def Info: logos/proxi-galerkin-frame.png  used on input line 320
.
(pdftex.def)             Requested size: 99.58464pt x 37.20195pt.
 [23

]
File: logos/proxi-galerkin-frame.png Graphic file (type png)
<use logos/proxi-galerkin-frame.png>
Package pdftex.def Info: logos/proxi-galerkin-frame.png  used on input line 350
.
(pdftex.def)             Requested size: 99.58464pt x 37.20195pt.
 [24

]
File: logos/proxi-galerkin-frame.png Graphic file (type png)
<use logos/proxi-galerkin-frame.png>
Package pdftex.def Info: logos/proxi-galerkin-frame.png  used on input line 393
.
(pdftex.def)             Requested size: 99.58464pt x 37.20195pt.
 [25

]
File: logos/proxi-galerkin-frame.png Graphic file (type png)
<use logos/proxi-galerkin-frame.png>
Package pdftex.def Info: logos/proxi-galerkin-frame.png  used on input line 393
.
(pdftex.def)             Requested size: 99.58464pt x 37.20195pt.
 [26

]
File: logos/proxi-galerkin-frame.png Graphic file (type png)
<use logos/proxi-galerkin-frame.png>
Package pdftex.def Info: logos/proxi-galerkin-frame.png  used on input line 435
.
(pdftex.def)             Requested size: 99.58464pt x 37.20195pt.
 [27

]
File: logos/proxi-galerkin-frame.png Graphic file (type png)
<use logos/proxi-galerkin-frame.png>
Package pdftex.def Info: logos/proxi-galerkin-frame.png  used on input line 441
.
(pdftex.def)             Requested size: 99.58464pt x 37.20195pt.
 [28

]
File: logos/proxi-galerkin-frame.png Graphic file (type png)
<use logos/proxi-galerkin-frame.png>
Package pdftex.def Info: logos/proxi-galerkin-frame.png  used on input line 484
.
(pdftex.def)             Requested size: 99.58464pt x 37.20195pt.

[29

]
File: logos/proxi-galerkin-frame.png Graphic file (type png)
<use logos/proxi-galerkin-frame.png>
Package pdftex.def Info: logos/proxi-galerkin-frame.png  used on input line 527
.
(pdftex.def)             Requested size: 99.58464pt x 37.20195pt.
 [30

]
<Figures/ObstacleExperiment1.png, id=281, 3203.97pt x 2332.715pt>
File: Figures/ObstacleExperiment1.png Graphic file (type png)
<use Figures/ObstacleExperiment1.png>
Package pdftex.def Info: Figures/ObstacleExperiment1.png  used on input line 55
8.
(pdftex.def)             Requested size: 148.86574pt x 108.405pt.
<Figures/tikz/FEniCS_plots/example0/example0_ConvergenceRate.pdf, id=282, 446.4
399pt x 326.65036pt>
File: Figures/tikz/FEniCS_plots/example0/example0_ConvergenceRate.pdf Graphic f
ile (type pdf)
<use Figures/tikz/FEniCS_plots/example0/example0_ConvergenceRate.pdf>
Package pdftex.def Info: Figures/tikz/FEniCS_plots/example0/example0_Convergenc
eRate.pdf  used on input line 558.
(pdftex.def)             Requested size: 202.80183pt x 151.76744pt.
<Figures/tikz/FEniCS_plots/example0/colorbar/colorbar0.pdf, id=284, 46.21065pt 
x 182.79391pt>
File: Figures/tikz/FEniCS_plots/example0/colorbar/colorbar0.pdf Graphic file (t
ype pdf)
<use Figures/tikz/FEniCS_plots/example0/colorbar/colorbar0.pdf>
Package pdftex.def Info: Figures/tikz/FEniCS_plots/example0/colorbar/colorbar0.
pdf  used on input line 558.
(pdftex.def)             Requested size: 14.38579pt x 56.9055pt.
File: logos/proxi-galerkin-frame.png Graphic file (type png)
<use logos/proxi-galerkin-frame.png>
Package pdftex.def Info: logos/proxi-galerkin-frame.png  used on input line 558
.
(pdftex.def)             Requested size: 99.58464pt x 37.20195pt.
 [31

 <./Figures/tikz/FEniCS_plots/example0/example0_ConvergenceRate.pdf> <./Figures
/ObstacleExperiment1.png> <./Figures/tikz/FEniCS_plots/example0/colorbar/colorb
ar0.pdf>]
File: logos/proxi-galerkin-frame.png Graphic file (type png)
<use logos/proxi-galerkin-frame.png>
Package pdftex.def Info: logos/proxi-galerkin-frame.png  used on input line 564
.
(pdftex.def)             Requested size: 99.58464pt x 37.20195pt.
 [32

]
File: logos/proxi-galerkin-frame.png Graphic file (type png)
<use logos/proxi-galerkin-frame.png>
Package pdftex.def Info: logos/proxi-galerkin-frame.png  used on input line 597
.
(pdftex.def)             Requested size: 99.58464pt x 37.20195pt.
 [33

]
Overfull \hbox (2.5552pt too wide) in paragraph at lines 629--629
 [][] []\OMS/cmsy/m/n/10 f^^@\OML/cmm/m/it/10 u[]; \OT1/cmr/m/n/10 0\OMS/cmsy/m
/n/10 g\OT1/cmr/m/n/10 d\OML/cmm/m/it/10 x$| 
 []


Overfull \hbox (2.66399pt too wide) in paragraph at lines 629--629
 [][] []\OMS/cmsy/m/n/10 f^^@\OML/cmm/m/it/10 ^^U[]; \OT1/cmr/m/n/10 0\OMS/cmsy
/m/n/10 g\OT1/cmr/m/n/10 d\OML/cmm/m/it/10 x$| 
 []

File: logos/proxi-galerkin-frame.png Graphic file (type png)
<use logos/proxi-galerkin-frame.png>
Package pdftex.def Info: logos/proxi-galerkin-frame.png  used on input line 629
.
(pdftex.def)             Requested size: 99.58464pt x 37.20195pt.
[34

]
<Figures/ObstacleExperiment2.png, id=357, 2250.4075pt x 2332.715pt>
File: Figures/ObstacleExperiment2.png Graphic file (type png)
<use Figures/ObstacleExperiment2.png>
Package pdftex.def Info: Figures/ObstacleExperiment2.png  used on input line 65
6.
(pdftex.def)             Requested size: 152.21777pt x 166.2212pt.
<Figures/tikz/FEniCS_plots/example1/example1_ConvergenceRate.pdf, id=359, 443.7
679pt x 310.00719pt>
File: Figures/tikz/FEniCS_plots/example1/example1_ConvergenceRate.pdf Graphic f
ile (type pdf)
<use Figures/tikz/FEniCS_plots/example1/example1_ConvergenceRate.pdf>
Package pdftex.def Info: Figures/tikz/FEniCS_plots/example1/example1_Convergenc
eRate.pdf  used on input line 656.
(pdftex.def)             Requested size: 212.37643pt x 151.76744pt.
<Figures/tikz/FEniCS_plots/example1/colorbar/colorbar1.pdf, id=361, 46.21065pt 
x 182.79492pt>
File: Figures/tikz/FEniCS_plots/example1/colorbar/colorbar1.pdf Graphic file (t
ype pdf)
<use Figures/tikz/FEniCS_plots/example1/colorbar/colorbar1.pdf>
Package pdftex.def Info: Figures/tikz/FEniCS_plots/example1/colorbar/colorbar1.
pdf  used on input line 656.
(pdftex.def)             Requested size: 14.38579pt x 56.9055pt.
<Figures/tikz/FEniCS_plots/example1/colorbar/colorbar2.pdf, id=362, 43.18735pt 
x 182.79492pt>
File: Figures/tikz/FEniCS_plots/example1/colorbar/colorbar2.pdf Graphic file (t
ype pdf)
<use Figures/tikz/FEniCS_plots/example1/colorbar/colorbar2.pdf>
Package pdftex.def Info: Figures/tikz/FEniCS_plots/example1/colorbar/colorbar2.
pdf  used on input line 656.
(pdftex.def)             Requested size: 13.44461pt x 56.9055pt.
File: logos/proxi-galerkin-frame.png Graphic file (type png)
<use logos/proxi-galerkin-frame.png>
Package pdftex.def Info: logos/proxi-galerkin-frame.png  used on input line 656
.
(pdftex.def)             Requested size: 99.58464pt x 37.20195pt.
 [35

 <./Figures/ObstacleExperiment2.png> <./Figures/tikz/FEniCS_plots/example1/exam
ple1_ConvergenceRate.pdf> <./Figures/tikz/FEniCS_plots/example1/colorbar/colorb
ar1.pdf> <./Figures/tikz/FEniCS_plots/example1/colorbar/colorbar2.pdf>]
File: logos/proxi-galerkin-frame.png Graphic file (type png)
<use logos/proxi-galerkin-frame.png>
Package pdftex.def Info: logos/proxi-galerkin-frame.png  used on input line 662
.
(pdftex.def)             Requested size: 99.58464pt x 37.20195pt.
[36

]
File: logos/proxi-galerkin-frame.png Graphic file (type png)
<use logos/proxi-galerkin-frame.png>
Package pdftex.def Info: logos/proxi-galerkin-frame.png  used on input line 687
.
(pdftex.def)             Requested size: 99.58464pt x 37.20195pt.
 [37

]
<Figures/obstacle_diagram.png, id=427, 451.6875pt x 294.34969pt>
File: Figures/obstacle_diagram.png Graphic file (type png)
<use Figures/obstacle_diagram.png>
Package pdftex.def Info: Figures/obstacle_diagram.png  used on input line 725.
(pdftex.def)             Requested size: 96.66292pt x 56.9055pt.
<Figures/ObstacleExperiment4_uh_alt.png, id=429, 3203.97pt x 2332.715pt>
File: Figures/ObstacleExperiment4_uh_alt.png Graphic file (type png)
<use Figures/ObstacleExperiment4_uh_alt.png>
Package pdftex.def Info: Figures/ObstacleExperiment4_uh_alt.png  used on input 
line 725.
(pdftex.def)             Requested size: 83.0619pt x 58.26186pt.
<Figures/ObstacleExperiment4_uh_tilde_alt.png, id=431, 3203.97pt x 2332.715pt>
File: Figures/ObstacleExperiment4_uh_tilde_alt.png Graphic file (type png)
<use Figures/ObstacleExperiment4_uh_tilde_alt.png>
Package pdftex.def Info: Figures/ObstacleExperiment4_uh_tilde_alt.png  used on 
input line 725.
(pdftex.def)             Requested size: 83.0619pt x 58.26186pt.
<Figures/tikz/FEniCS_plots/example4/colorbar/colorbar5.pdf, id=433, 29.71501pt 
x 182.78789pt>
File: Figures/tikz/FEniCS_plots/example4/colorbar/colorbar5.pdf Graphic file (t
ype pdf)
<use Figures/tikz/FEniCS_plots/example4/colorbar/colorbar5.pdf>
Package pdftex.def Info: Figures/tikz/FEniCS_plots/example4/colorbar/colorbar5.
pdf  used on input line 725.
(pdftex.def)             Requested size: 14.65727pt x 90.16092pt.
File: logos/proxi-galerkin-frame.png Graphic file (type png)
<use logos/proxi-galerkin-frame.png>
Package pdftex.def Info: logos/proxi-galerkin-frame.png  used on input line 725
.
(pdftex.def)             Requested size: 99.58464pt x 37.20195pt.
 [38

 <./Figures/obstacle_diagram.png> <./Figures/ObstacleExperiment4_uh_alt.png> <.
/Figures/ObstacleExperiment4_uh_tilde_alt.png> <./Figures/tikz/FEniCS_plots/exa
mple4/colorbar/colorbar5.pdf>]
File: logos/proxi-galerkin-frame.png Graphic file (type png)
<use logos/proxi-galerkin-frame.png>
Package pdftex.def Info: logos/proxi-galerkin-frame.png  used on input line 760
.
(pdftex.def)             Requested size: 99.58464pt x 37.20195pt.
 [39

]
File: logos/proxi-galerkin-frame.png Graphic file (type png)
<use logos/proxi-galerkin-frame.png>
Package pdftex.def Info: logos/proxi-galerkin-frame.png  used on input line 769
.
(pdftex.def)             Requested size: 99.58464pt x 37.20195pt.
 [40

]
File: logos/proxi-galerkin-frame.png Graphic file (type png)
<use logos/proxi-galerkin-frame.png>
Package pdftex.def Info: logos/proxi-galerkin-frame.png  used on input line 787
.
(pdftex.def)             Requested size: 99.58464pt x 37.20195pt.
 [41

]
<Figures/advection_diffusion_u_exact.png, id=477, 1322.9425pt x 1401.235pt>
File: Figures/advection_diffusion_u_exact.png Graphic file (type png)
<use Figures/advection_diffusion_u_exact.png>
Package pdftex.def Info: Figures/advection_diffusion_u_exact.png  used on input
 line 833.
(pdftex.def)             Requested size: 123.43443pt x 130.72401pt.
<Figures/advection_diffusion_colorbar.pdf, id=478, 29.71501pt x 182.79391pt>
File: Figures/advection_diffusion_colorbar.pdf Graphic file (type pdf)
<use Figures/advection_diffusion_colorbar.pdf>
Package pdftex.def Info: Figures/advection_diffusion_colorbar.pdf  used on inpu
t line 833.
(pdftex.def)             Requested size: 12.3428pt x 75.92778pt.
<Figures/advection_diffusion_u_h.png, id=479, 1322.9425pt x 1401.235pt>
File: Figures/advection_diffusion_u_h.png Graphic file (type png)
<use Figures/advection_diffusion_u_h.png>
Package pdftex.def Info: Figures/advection_diffusion_u_h.png  used on input lin
e 833.
(pdftex.def)             Requested size: 123.43443pt x 130.72401pt.
<Figures/advection_diffusion_utilde.png, id=480, 1322.9425pt x 1401.235pt>
File: Figures/advection_diffusion_utilde.png Graphic file (type png)
<use Figures/advection_diffusion_utilde.png>
Package pdftex.def Info: Figures/advection_diffusion_utilde.png  used on input 
line 833.
(pdftex.def)             Requested size: 123.43443pt x 130.72401pt.
File: logos/proxi-galerkin-frame.png Graphic file (type png)
<use logos/proxi-galerkin-frame.png>
Package pdftex.def Info: logos/proxi-galerkin-frame.png  used on input line 833
.
(pdftex.def)             Requested size: 99.58464pt x 37.20195pt.

Overfull \vbox (7.46481pt too high) detected at line 833
 []

[42

 <./Figures/advection_diffusion_u_exact.png> <./Figures/advection_diffusion_col
orbar.pdf> <./Figures/advection_diffusion_u_h.png> <./Figures/advection_diffusi
on_utilde.png>]
File: logos/proxi-galerkin-frame.png Graphic file (type png)
<use logos/proxi-galerkin-frame.png>
Package pdftex.def Info: logos/proxi-galerkin-frame.png  used on input line 841
.
(pdftex.def)             Requested size: 99.58464pt x 37.20195pt.
 [43

]
File: logos/proxi-galerkin-frame.png Graphic file (type png)
<use logos/proxi-galerkin-frame.png>
Package pdftex.def Info: logos/proxi-galerkin-frame.png  used on input line 895
.
(pdftex.def)             Requested size: 99.58464pt x 37.20195pt.
 [44

]
<Figures/Cantilever_mesh.png, id=517, 251.28279pt x 104.86377pt>
File: Figures/Cantilever_mesh.png Graphic file (type png)
<use Figures/Cantilever_mesh.png>
Package pdftex.def Info: Figures/Cantilever_mesh.png  used on input line 905.
(pdftex.def)             Requested size: 213.39566pt x 89.053pt.
File: logos/proxi-galerkin-frame.png Graphic file (type png)
<use logos/proxi-galerkin-frame.png>
Package pdftex.def Info: logos/proxi-galerkin-frame.png  used on input line 905
.
(pdftex.def)             Requested size: 99.58464pt x 37.20195pt.
 [45

 <./Figures/Cantilever_mesh.png>]
File: logos/proxi-galerkin-frame.png Graphic file (type png)
<use logos/proxi-galerkin-frame.png>
Package pdftex.def Info: logos/proxi-galerkin-frame.png  used on input line 938
.
(pdftex.def)             Requested size: 99.58464pt x 37.20195pt.
 [46

]
<Figures/TopOpt/alpha25/Cantilever0.png, id=534, 3894.55pt x 1351.0475pt>
File: Figures/TopOpt/alpha25/Cantilever0.png Graphic file (type png)
<use Figures/TopOpt/alpha25/Cantilever0.png>
Package pdftex.def Info: Figures/TopOpt/alpha25/Cantilever0.png  used on input 
line 1050.
(pdftex.def)             Requested size: 126.39935pt x 43.84874pt.
<Figures/TopOpt/alpha25/Cantilever6.png, id=535, 3894.55pt x 1351.0475pt>
File: Figures/TopOpt/alpha25/Cantilever6.png Graphic file (type png)
<use Figures/TopOpt/alpha25/Cantilever6.png>
Package pdftex.def Info: Figures/TopOpt/alpha25/Cantilever6.png  used on input 
line 1050.
(pdftex.def)             Requested size: 126.39935pt x 43.84874pt.
<Figures/TopOpt/alpha25/Cantilever12.png, id=536, 3894.55pt x 1351.0475pt>
File: Figures/TopOpt/alpha25/Cantilever12.png Graphic file (type png)
<use Figures/TopOpt/alpha25/Cantilever12.png>
Package pdftex.def Info: Figures/TopOpt/alpha25/Cantilever12.png  used on input
 line 1050.
(pdftex.def)             Requested size: 126.39935pt x 43.84874pt.
<Figures/TopOpt/alpha25/Cantilever18.png, id=537, 3894.55pt x 1351.0475pt>
File: Figures/TopOpt/alpha25/Cantilever18.png Graphic file (type png)
<use Figures/TopOpt/alpha25/Cantilever18.png>
Package pdftex.def Info: Figures/TopOpt/alpha25/Cantilever18.png  used on input
 line 1050.
(pdftex.def)             Requested size: 126.39935pt x 43.84874pt.
<Figures/TopOpt/alpha25/Cantilever24.png, id=538, 3894.55pt x 1351.0475pt>
File: Figures/TopOpt/alpha25/Cantilever24.png Graphic file (type png)
<use Figures/TopOpt/alpha25/Cantilever24.png>
Package pdftex.def Info: Figures/TopOpt/alpha25/Cantilever24.png  used on input
 line 1050.
(pdftex.def)             Requested size: 126.39935pt x 43.84874pt.
<Figures/TopOpt/alpha25/Cantilever29.png, id=539, 3894.55pt x 1351.0475pt>
File: Figures/TopOpt/alpha25/Cantilever29.png Graphic file (type png)
<use Figures/TopOpt/alpha25/Cantilever29.png>
Package pdftex.def Info: Figures/TopOpt/alpha25/Cantilever29.png  used on input
 line 1050.
(pdftex.def)             Requested size: 126.39935pt x 43.84874pt.
<Figures/TopOpt/colorbar/colorbar_bw.pdf, id=540, 29.71501pt x 182.79391pt>
File: Figures/TopOpt/colorbar/colorbar_bw.pdf Graphic file (type pdf)
<use Figures/TopOpt/colorbar/colorbar_bw.pdf>
Package pdftex.def Info: Figures/TopOpt/colorbar/colorbar_bw.pdf  used on input
 line 1050.
(pdftex.def)             Requested size: 13.16525pt x 80.98462pt.
File: logos/proxi-galerkin-frame.png Graphic file (type png)
<use logos/proxi-galerkin-frame.png>
Package pdftex.def Info: logos/proxi-galerkin-frame.png  used on input line 105
0.
(pdftex.def)             Requested size: 99.58464pt x 37.20195pt.
 [47

 <./Figures/TopOpt/alpha25/Cantilever0.png> <./Figures/TopOpt/alpha25/Cantileve
r6.png> <./Figures/TopOpt/alpha25/Cantilever12.png> <./Figures/TopOpt/alpha25/C
antilever18.png> <./Figures/TopOpt/alpha25/Cantilever24.png> <./Figures/TopOpt/
alpha25/Cantilever29.png> <./Figures/TopOpt/colorbar/colorbar_bw.pdf>]
File: logos/proxi-galerkin-frame.png Graphic file (type png)
<use logos/proxi-galerkin-frame.png>
Package pdftex.def Info: logos/proxi-galerkin-frame.png  used on input line 105
9.
(pdftex.def)             Requested size: 99.58464pt x 37.20195pt.
 [48

]

LaTeX Warning: Citation `MWeiser_etal_2005' on page 49 undefined on input line 
1093.


LaTeX Warning: Citation `Hintermller2004' on page 49 undefined on input line 10
93.


LaTeX Warning: Citation `BMartinet_1970' on page 49 undefined on input line 109
3.


LaTeX Warning: Citation `MTeboulle_2018' on page 49 undefined on input line 109
3.


LaTeX Warning: Citation `BREGMAN1967200' on page 49 undefined on input line 109
3.


LaTeX Warning: Citation `RTRockafellar_1970' on page 49 undefined on input line
 1093.

File: logos/proxi-galerkin-frame.png Graphic file (type png)
<use logos/proxi-galerkin-frame.png>
Package pdftex.def Info: logos/proxi-galerkin-frame.png  used on input line 109
3.
(pdftex.def)             Requested size: 99.58464pt x 37.20195pt.

Overfull \vbox (600.1703pt too high) detected at line 1093
 []

[49

]
\tf@nav=\write6
\openout6 = `main.nav'.

\tf@toc=\write7
\openout7 = `main.toc'.

\tf@snm=\write8
\openout8 = `main.snm'.

 (./main.aux)

LaTeX Font Warning: Some font shapes were not available, defaults substituted.


LaTeX Warning: There were undefined references.


LaTeX Warning: There were multiply-defined labels.

Package rerunfilecheck Info: File `main.out' has not changed.
(rerunfilecheck)             Checksum: 830053633F079A1F2CA1EE2D2C18837D;861.
 ) 
Here is how much of TeX's memory you used:
 31332 strings out of 478268
 638462 string characters out of 5846346
 928536 words of memory out of 5000000
 48730 multiletter control sequences out of 15000+600000
 509500 words of font info for 155 fonts, out of 8000000 for 9000
 1141 hyphenation exceptions out of 8191
 128i,34n,122p,1488b,828s stack positions out of 10000i,1000n,20000p,200000b,200000s
</usr/local/texlive/2022/texmf-dist/fonts/type1/public/amsfonts/cm/cmbx10.pfb
></usr/local/texlive/2022/texmf-dist/fonts/type1/public/amsfonts/cm/cmcsc10.pfb
></usr/local/texlive/2022/texmf-dist/fonts/type1/public/amsfonts/cm/cmex10.pfb>
</usr/local/texlive/2022/texmf-dist/fonts/type1/public/amsfonts/cmextra/cmex7.p
fb></usr/local/texlive/2022/texmf-dist/fonts/type1/public/amsfonts/cmextra/cmex
8.pfb></usr/local/texlive/2022/texmf-dist/fonts/type1/public/amsfonts/cm/cmmi10
.pfb></usr/local/texlive/2022/texmf-dist/fonts/type1/public/amsfonts/cm/cmmi12.
pfb></usr/local/texlive/2022/texmf-dist/fonts/type1/public/amsfonts/cm/cmmi5.pf
b></usr/local/texlive/2022/texmf-dist/fonts/type1/public/amsfonts/cm/cmmi6.pfb>
</usr/local/texlive/2022/texmf-dist/fonts/type1/public/amsfonts/cm/cmmi7.pfb></
usr/local/texlive/2022/texmf-dist/fonts/type1/public/amsfonts/cm/cmmi8.pfb></us
r/local/texlive/2022/texmf-dist/fonts/type1/public/amsfonts/cm/cmmi9.pfb></usr/
local/texlive/2022/texmf-dist/fonts/type1/public/amsfonts/cm/cmmib10.pfb></usr/
local/texlive/2022/texmf-dist/fonts/type1/public/amsfonts/cm/cmr10.pfb></usr/lo
cal/texlive/2022/texmf-dist/fonts/type1/public/amsfonts/cm/cmr12.pfb></usr/loca
l/texlive/2022/texmf-dist/fonts/type1/public/amsfonts/cm/cmr17.pfb></usr/local/
texlive/2022/texmf-dist/fonts/type1/public/amsfonts/cm/cmr5.pfb></usr/local/tex
live/2022/texmf-dist/fonts/type1/public/amsfonts/cm/cmr6.pfb></usr/local/texliv
e/2022/texmf-dist/fonts/type1/public/amsfonts/cm/cmr7.pfb></usr/local/texlive/2
022/texmf-dist/fonts/type1/public/amsfonts/cm/cmr8.pfb></usr/local/texlive/2022
/texmf-dist/fonts/type1/public/amsfonts/cm/cmr9.pfb></usr/local/texlive/2022/te
xmf-dist/fonts/type1/public/amsfonts/cm/cmss10.pfb></usr/local/texlive/2022/tex
mf-dist/fonts/type1/public/amsfonts/cm/cmss12.pfb></usr/local/texlive/2022/texm
f-dist/fonts/type1/public/amsfonts/cm/cmss8.pfb></usr/local/texlive/2022/texmf-
dist/fonts/type1/public/amsfonts/cm/cmss9.pfb></usr/local/texlive/2022/texmf-di
st/fonts/type1/public/amsfonts/cm/cmssbx10.pfb></usr/local/texlive/2022/texmf-d
ist/fonts/type1/public/amsfonts/cm/cmssi10.pfb></usr/local/texlive/2022/texmf-d
ist/fonts/type1/public/amsfonts/cm/cmssi8.pfb></usr/local/texlive/2022/texmf-di
st/fonts/type1/public/amsfonts/cm/cmsy10.pfb></usr/local/texlive/2022/texmf-dis
t/fonts/type1/public/amsfonts/cm/cmsy5.pfb></usr/local/texlive/2022/texmf-dist/
fonts/type1/public/amsfonts/cm/cmsy6.pfb></usr/local/texlive/2022/texmf-dist/fo
nts/type1/public/amsfonts/cm/cmsy7.pfb></usr/local/texlive/2022/texmf-dist/font
s/type1/public/amsfonts/cm/cmsy8.pfb></usr/local/texlive/2022/texmf-dist/fonts/
type1/public/amsfonts/cm/cmsy9.pfb></usr/local/texlive/2022/texmf-dist/fonts/ty
pe1/public/amsfonts/cm/cmtt10.pfb></usr/local/texlive/2022/texmf-dist/fonts/typ
e1/public/amsfonts/cm/cmtt8.pfb></usr/local/texlive/2022/texmf-dist/fonts/type1
/public/amsfonts/cm/cmtt9.pfb></usr/local/texlive/2022/texmf-dist/fonts/type1/p
ublic/amsfonts/symbols/msbm10.pfb></usr/local/texlive/2022/texmf-dist/fonts/typ
e1/public/amsfonts/symbols/msbm7.pfb>
Output written on main.pdf (49 pages, 8819414 bytes).
PDF statistics:
 758 PDF objects out of 1000 (max. 8388607)
 550 compressed objects within 6 object streams
 127 named destinations out of 1000 (max. 500000)
 236 words of extra memory for PDF output out of 10000 (max. 10000000)

